2025-02-23 22:37:13,288 - DDosDetection - INFO - Starting data ingestion...
2025-02-23 22:37:13,288 - DDosDetection - INFO - Starting data ingestion...
2025-02-23 22:37:13,288 - DDosDetection - INFO - Starting data ingestion...
2025-02-23 22:37:13,288 - DDosDetection - INFO - Starting data ingestion...
2025-02-23 22:37:13,288 - DDosDetection - INFO - Starting data ingestion...
2025-02-23 22:37:13,288 - DDosDetection - INFO - Starting data ingestion...
2025-02-23 22:37:13,292 - DDosDetection - INFO - Loading data from data/raw/network_traffic.csv
2025-02-23 22:37:13,292 - DDosDetection - INFO - Loading data from data/raw/network_traffic.csv
2025-02-23 22:37:13,292 - DDosDetection - INFO - Loading data from data/raw/network_traffic.csv
2025-02-23 22:37:13,292 - DDosDetection - INFO - Loading data from data/raw/network_traffic.csv
2025-02-23 22:37:13,292 - DDosDetection - INFO - Loading data from data/raw/network_traffic.csv
2025-02-23 22:37:13,292 - DDosDetection - INFO - Loading data from data/raw/network_traffic.csv
2025-02-23 22:37:13,293 - DDosDetection - ERROR - Error loading data: [Errno 2] No such file or directory: 'data/raw/network_traffic.csv'
2025-02-23 22:37:13,293 - DDosDetection - ERROR - Error loading data: [Errno 2] No such file or directory: 'data/raw/network_traffic.csv'
2025-02-23 22:37:13,293 - DDosDetection - ERROR - Error loading data: [Errno 2] No such file or directory: 'data/raw/network_traffic.csv'
2025-02-23 22:37:13,293 - DDosDetection - ERROR - Error loading data: [Errno 2] No such file or directory: 'data/raw/network_traffic.csv'
2025-02-23 22:37:13,293 - DDosDetection - ERROR - Error loading data: [Errno 2] No such file or directory: 'data/raw/network_traffic.csv'
2025-02-23 22:37:13,293 - DDosDetection - ERROR - Error loading data: [Errno 2] No such file or directory: 'data/raw/network_traffic.csv'
2025-02-23 22:37:13,293 - DDosDetection - ERROR - Error in main execution: [Errno 2] No such file or directory: 'data/raw/network_traffic.csv'
2025-02-23 22:37:13,293 - DDosDetection - ERROR - Error in main execution: [Errno 2] No such file or directory: 'data/raw/network_traffic.csv'
2025-02-23 22:37:13,293 - DDosDetection - ERROR - Error in main execution: [Errno 2] No such file or directory: 'data/raw/network_traffic.csv'
2025-02-23 22:37:13,293 - DDosDetection - ERROR - Error in main execution: [Errno 2] No such file or directory: 'data/raw/network_traffic.csv'
2025-02-23 22:37:13,293 - DDosDetection - ERROR - Error in main execution: [Errno 2] No such file or directory: 'data/raw/network_traffic.csv'
2025-02-23 22:37:13,293 - DDosDetection - ERROR - Error in main execution: [Errno 2] No such file or directory: 'data/raw/network_traffic.csv'
2025-02-23 22:38:30,506 - DDosDetection - INFO - Starting data ingestion...
2025-02-23 22:38:30,506 - DDosDetection - INFO - Starting data ingestion...
2025-02-23 22:38:30,506 - DDosDetection - INFO - Starting data ingestion...
2025-02-23 22:38:30,506 - DDosDetection - INFO - Starting data ingestion...
2025-02-23 22:38:30,506 - DDosDetection - INFO - Starting data ingestion...
2025-02-23 22:38:30,506 - DDosDetection - INFO - Starting data ingestion...
2025-02-23 22:38:30,509 - DDosDetection - INFO - Loading data from data/raw/network_traffic.csv
2025-02-23 22:38:30,509 - DDosDetection - INFO - Loading data from data/raw/network_traffic.csv
2025-02-23 22:38:30,509 - DDosDetection - INFO - Loading data from data/raw/network_traffic.csv
2025-02-23 22:38:30,509 - DDosDetection - INFO - Loading data from data/raw/network_traffic.csv
2025-02-23 22:38:30,509 - DDosDetection - INFO - Loading data from data/raw/network_traffic.csv
2025-02-23 22:38:30,509 - DDosDetection - INFO - Loading data from data/raw/network_traffic.csv
2025-02-23 22:38:31,652 - DDosDetection - ERROR - Data validation failed: Missing required feature: Flow Duration
2025-02-23 22:38:31,652 - DDosDetection - ERROR - Data validation failed: Missing required feature: Flow Duration
2025-02-23 22:38:31,652 - DDosDetection - ERROR - Data validation failed: Missing required feature: Flow Duration
2025-02-23 22:38:31,652 - DDosDetection - ERROR - Data validation failed: Missing required feature: Flow Duration
2025-02-23 22:38:31,652 - DDosDetection - ERROR - Data validation failed: Missing required feature: Flow Duration
2025-02-23 22:38:31,652 - DDosDetection - ERROR - Data validation failed: Missing required feature: Flow Duration
2025-02-23 22:38:31,654 - DDosDetection - ERROR - Error loading data: Missing required feature: Flow Duration
2025-02-23 22:38:31,654 - DDosDetection - ERROR - Error loading data: Missing required feature: Flow Duration
2025-02-23 22:38:31,654 - DDosDetection - ERROR - Error loading data: Missing required feature: Flow Duration
2025-02-23 22:38:31,654 - DDosDetection - ERROR - Error loading data: Missing required feature: Flow Duration
2025-02-23 22:38:31,654 - DDosDetection - ERROR - Error loading data: Missing required feature: Flow Duration
2025-02-23 22:38:31,654 - DDosDetection - ERROR - Error loading data: Missing required feature: Flow Duration
2025-02-23 22:38:31,654 - DDosDetection - ERROR - Error in main execution: Missing required feature: Flow Duration
2025-02-23 22:38:31,654 - DDosDetection - ERROR - Error in main execution: Missing required feature: Flow Duration
2025-02-23 22:38:31,654 - DDosDetection - ERROR - Error in main execution: Missing required feature: Flow Duration
2025-02-23 22:38:31,654 - DDosDetection - ERROR - Error in main execution: Missing required feature: Flow Duration
2025-02-23 22:38:31,654 - DDosDetection - ERROR - Error in main execution: Missing required feature: Flow Duration
2025-02-23 22:38:31,654 - DDosDetection - ERROR - Error in main execution: Missing required feature: Flow Duration
2025-02-23 22:40:04,076 - DDosDetection - INFO - Starting data ingestion...
2025-02-23 22:40:04,076 - DDosDetection - INFO - Starting data ingestion...
2025-02-23 22:40:04,076 - DDosDetection - INFO - Starting data ingestion...
2025-02-23 22:40:04,076 - DDosDetection - INFO - Starting data ingestion...
2025-02-23 22:40:04,076 - DDosDetection - INFO - Starting data ingestion...
2025-02-23 22:40:04,076 - DDosDetection - INFO - Starting data ingestion...
2025-02-23 22:40:04,079 - DDosDetection - INFO - Loading data from data/raw/network_traffic.csv
2025-02-23 22:40:04,079 - DDosDetection - INFO - Loading data from data/raw/network_traffic.csv
2025-02-23 22:40:04,079 - DDosDetection - INFO - Loading data from data/raw/network_traffic.csv
2025-02-23 22:40:04,079 - DDosDetection - INFO - Loading data from data/raw/network_traffic.csv
2025-02-23 22:40:04,079 - DDosDetection - INFO - Loading data from data/raw/network_traffic.csv
2025-02-23 22:40:04,079 - DDosDetection - INFO - Loading data from data/raw/network_traffic.csv
2025-02-23 22:40:05,333 - DDosDetection - INFO - Data validation successful
2025-02-23 22:40:05,333 - DDosDetection - INFO - Data validation successful
2025-02-23 22:40:05,333 - DDosDetection - INFO - Data validation successful
2025-02-23 22:40:05,333 - DDosDetection - INFO - Data validation successful
2025-02-23 22:40:05,333 - DDosDetection - INFO - Data validation successful
2025-02-23 22:40:05,333 - DDosDetection - INFO - Data validation successful
2025-02-23 22:40:05,334 - DDosDetection - INFO - validate_data took 0.11 seconds to execute
2025-02-23 22:40:05,334 - DDosDetection - INFO - validate_data took 0.11 seconds to execute
2025-02-23 22:40:05,334 - DDosDetection - INFO - validate_data took 0.11 seconds to execute
2025-02-23 22:40:05,334 - DDosDetection - INFO - validate_data took 0.11 seconds to execute
2025-02-23 22:40:05,334 - DDosDetection - INFO - validate_data took 0.11 seconds to execute
2025-02-23 22:40:05,334 - DDosDetection - INFO - validate_data took 0.11 seconds to execute
2025-02-23 22:40:05,334 - DDosDetection - INFO - load_data took 1.26 seconds to execute
2025-02-23 22:40:05,334 - DDosDetection - INFO - load_data took 1.26 seconds to execute
2025-02-23 22:40:05,334 - DDosDetection - INFO - load_data took 1.26 seconds to execute
2025-02-23 22:40:05,334 - DDosDetection - INFO - load_data took 1.26 seconds to execute
2025-02-23 22:40:05,334 - DDosDetection - INFO - load_data took 1.26 seconds to execute
2025-02-23 22:40:05,334 - DDosDetection - INFO - load_data took 1.26 seconds to execute
2025-02-23 22:40:10,231 - DDosDetection - INFO - Data split completed and saved successfully
2025-02-23 22:40:10,231 - DDosDetection - INFO - Data split completed and saved successfully
2025-02-23 22:40:10,231 - DDosDetection - INFO - Data split completed and saved successfully
2025-02-23 22:40:10,231 - DDosDetection - INFO - Data split completed and saved successfully
2025-02-23 22:40:10,231 - DDosDetection - INFO - Data split completed and saved successfully
2025-02-23 22:40:10,231 - DDosDetection - INFO - Data split completed and saved successfully
2025-02-23 22:40:10,231 - DDosDetection - INFO - split_data took 4.90 seconds to execute
2025-02-23 22:40:10,231 - DDosDetection - INFO - split_data took 4.90 seconds to execute
2025-02-23 22:40:10,231 - DDosDetection - INFO - split_data took 4.90 seconds to execute
2025-02-23 22:40:10,231 - DDosDetection - INFO - split_data took 4.90 seconds to execute
2025-02-23 22:40:10,231 - DDosDetection - INFO - split_data took 4.90 seconds to execute
2025-02-23 22:40:10,231 - DDosDetection - INFO - split_data took 4.90 seconds to execute
2025-02-23 22:40:10,232 - DDosDetection - INFO - Starting data preprocessing...
2025-02-23 22:40:10,232 - DDosDetection - INFO - Starting data preprocessing...
2025-02-23 22:40:10,232 - DDosDetection - INFO - Starting data preprocessing...
2025-02-23 22:40:10,232 - DDosDetection - INFO - Starting data preprocessing...
2025-02-23 22:40:10,232 - DDosDetection - INFO - Starting data preprocessing...
2025-02-23 22:40:10,232 - DDosDetection - INFO - Starting data preprocessing...
2025-02-23 22:40:10,388 - DDosDetection - INFO - Data preprocessing completed successfully
2025-02-23 22:40:10,388 - DDosDetection - INFO - Data preprocessing completed successfully
2025-02-23 22:40:10,388 - DDosDetection - INFO - Data preprocessing completed successfully
2025-02-23 22:40:10,388 - DDosDetection - INFO - Data preprocessing completed successfully
2025-02-23 22:40:10,388 - DDosDetection - INFO - Data preprocessing completed successfully
2025-02-23 22:40:10,388 - DDosDetection - INFO - Data preprocessing completed successfully
2025-02-23 22:40:10,857 - DDosDetection - INFO - Starting model training...
2025-02-23 22:40:10,857 - DDosDetection - INFO - Starting model training...
2025-02-23 22:40:10,857 - DDosDetection - INFO - Starting model training...
2025-02-23 22:40:10,857 - DDosDetection - INFO - Starting model training...
2025-02-23 22:40:10,857 - DDosDetection - INFO - Starting model training...
2025-02-23 22:40:10,857 - DDosDetection - INFO - Starting model training...
2025-02-23 22:40:10,904 - DDosDetection - ERROR - Error in main execution: API request to endpoint /api/2.0/mlflow/experiments/list failed with error code 403 != 200. Response body: ''
2025-02-23 22:40:10,904 - DDosDetection - ERROR - Error in main execution: API request to endpoint /api/2.0/mlflow/experiments/list failed with error code 403 != 200. Response body: ''
2025-02-23 22:40:10,904 - DDosDetection - ERROR - Error in main execution: API request to endpoint /api/2.0/mlflow/experiments/list failed with error code 403 != 200. Response body: ''
2025-02-23 22:40:10,904 - DDosDetection - ERROR - Error in main execution: API request to endpoint /api/2.0/mlflow/experiments/list failed with error code 403 != 200. Response body: ''
2025-02-23 22:40:10,904 - DDosDetection - ERROR - Error in main execution: API request to endpoint /api/2.0/mlflow/experiments/list failed with error code 403 != 200. Response body: ''
2025-02-23 22:40:10,904 - DDosDetection - ERROR - Error in main execution: API request to endpoint /api/2.0/mlflow/experiments/list failed with error code 403 != 200. Response body: ''
2025-02-23 22:41:50,233 - DDosDetection - INFO - Starting data ingestion...
2025-02-23 22:41:50,233 - DDosDetection - INFO - Starting data ingestion...
2025-02-23 22:41:50,233 - DDosDetection - INFO - Starting data ingestion...
2025-02-23 22:41:50,233 - DDosDetection - INFO - Starting data ingestion...
2025-02-23 22:41:50,233 - DDosDetection - INFO - Starting data ingestion...
2025-02-23 22:41:50,233 - DDosDetection - INFO - Starting data ingestion...
2025-02-23 22:41:50,236 - DDosDetection - INFO - Loading data from data/raw/network_traffic.csv
2025-02-23 22:41:50,236 - DDosDetection - INFO - Loading data from data/raw/network_traffic.csv
2025-02-23 22:41:50,236 - DDosDetection - INFO - Loading data from data/raw/network_traffic.csv
2025-02-23 22:41:50,236 - DDosDetection - INFO - Loading data from data/raw/network_traffic.csv
2025-02-23 22:41:50,236 - DDosDetection - INFO - Loading data from data/raw/network_traffic.csv
2025-02-23 22:41:50,236 - DDosDetection - INFO - Loading data from data/raw/network_traffic.csv
2025-02-23 22:41:51,537 - DDosDetection - INFO - Data validation successful
2025-02-23 22:41:51,537 - DDosDetection - INFO - Data validation successful
2025-02-23 22:41:51,537 - DDosDetection - INFO - Data validation successful
2025-02-23 22:41:51,537 - DDosDetection - INFO - Data validation successful
2025-02-23 22:41:51,537 - DDosDetection - INFO - Data validation successful
2025-02-23 22:41:51,537 - DDosDetection - INFO - Data validation successful
2025-02-23 22:41:51,537 - DDosDetection - INFO - validate_data took 0.12 seconds to execute
2025-02-23 22:41:51,537 - DDosDetection - INFO - validate_data took 0.12 seconds to execute
2025-02-23 22:41:51,537 - DDosDetection - INFO - validate_data took 0.12 seconds to execute
2025-02-23 22:41:51,537 - DDosDetection - INFO - validate_data took 0.12 seconds to execute
2025-02-23 22:41:51,537 - DDosDetection - INFO - validate_data took 0.12 seconds to execute
2025-02-23 22:41:51,537 - DDosDetection - INFO - validate_data took 0.12 seconds to execute
2025-02-23 22:41:51,538 - DDosDetection - INFO - load_data took 1.30 seconds to execute
2025-02-23 22:41:51,538 - DDosDetection - INFO - load_data took 1.30 seconds to execute
2025-02-23 22:41:51,538 - DDosDetection - INFO - load_data took 1.30 seconds to execute
2025-02-23 22:41:51,538 - DDosDetection - INFO - load_data took 1.30 seconds to execute
2025-02-23 22:41:51,538 - DDosDetection - INFO - load_data took 1.30 seconds to execute
2025-02-23 22:41:51,538 - DDosDetection - INFO - load_data took 1.30 seconds to execute
2025-02-23 22:41:56,382 - DDosDetection - INFO - Data split completed and saved successfully
2025-02-23 22:41:56,382 - DDosDetection - INFO - Data split completed and saved successfully
2025-02-23 22:41:56,382 - DDosDetection - INFO - Data split completed and saved successfully
2025-02-23 22:41:56,382 - DDosDetection - INFO - Data split completed and saved successfully
2025-02-23 22:41:56,382 - DDosDetection - INFO - Data split completed and saved successfully
2025-02-23 22:41:56,382 - DDosDetection - INFO - Data split completed and saved successfully
2025-02-23 22:41:56,382 - DDosDetection - INFO - split_data took 4.84 seconds to execute
2025-02-23 22:41:56,382 - DDosDetection - INFO - split_data took 4.84 seconds to execute
2025-02-23 22:41:56,382 - DDosDetection - INFO - split_data took 4.84 seconds to execute
2025-02-23 22:41:56,382 - DDosDetection - INFO - split_data took 4.84 seconds to execute
2025-02-23 22:41:56,382 - DDosDetection - INFO - split_data took 4.84 seconds to execute
2025-02-23 22:41:56,382 - DDosDetection - INFO - split_data took 4.84 seconds to execute
2025-02-23 22:41:56,383 - DDosDetection - INFO - Starting data preprocessing...
2025-02-23 22:41:56,383 - DDosDetection - INFO - Starting data preprocessing...
2025-02-23 22:41:56,383 - DDosDetection - INFO - Starting data preprocessing...
2025-02-23 22:41:56,383 - DDosDetection - INFO - Starting data preprocessing...
2025-02-23 22:41:56,383 - DDosDetection - INFO - Starting data preprocessing...
2025-02-23 22:41:56,383 - DDosDetection - INFO - Starting data preprocessing...
2025-02-23 22:41:56,580 - DDosDetection - INFO - Data preprocessing completed successfully
2025-02-23 22:41:56,580 - DDosDetection - INFO - Data preprocessing completed successfully
2025-02-23 22:41:56,580 - DDosDetection - INFO - Data preprocessing completed successfully
2025-02-23 22:41:56,580 - DDosDetection - INFO - Data preprocessing completed successfully
2025-02-23 22:41:56,580 - DDosDetection - INFO - Data preprocessing completed successfully
2025-02-23 22:41:56,580 - DDosDetection - INFO - Data preprocessing completed successfully
2025-02-23 22:41:57,055 - DDosDetection - INFO - Starting model training...
2025-02-23 22:41:57,055 - DDosDetection - INFO - Starting model training...
2025-02-23 22:41:57,055 - DDosDetection - INFO - Starting model training...
2025-02-23 22:41:57,055 - DDosDetection - INFO - Starting model training...
2025-02-23 22:41:57,055 - DDosDetection - INFO - Starting model training...
2025-02-23 22:41:57,055 - DDosDetection - INFO - Starting model training...
2025-02-23 22:41:57,164 - DDosDetection - INFO - XGBoost model built successfully
2025-02-23 22:41:57,164 - DDosDetection - INFO - XGBoost model built successfully
2025-02-23 22:41:57,164 - DDosDetection - INFO - XGBoost model built successfully
2025-02-23 22:41:57,164 - DDosDetection - INFO - XGBoost model built successfully
2025-02-23 22:41:57,164 - DDosDetection - INFO - XGBoost model built successfully
2025-02-23 22:41:57,164 - DDosDetection - INFO - XGBoost model built successfully
2025-02-23 22:41:57,262 - DDosDetection - ERROR - Error in model training: Invalid classes inferred from unique values of `y`.  Expected: [0 1], got ['BENIGN' 'DDoS']
2025-02-23 22:41:57,262 - DDosDetection - ERROR - Error in model training: Invalid classes inferred from unique values of `y`.  Expected: [0 1], got ['BENIGN' 'DDoS']
2025-02-23 22:41:57,262 - DDosDetection - ERROR - Error in model training: Invalid classes inferred from unique values of `y`.  Expected: [0 1], got ['BENIGN' 'DDoS']
2025-02-23 22:41:57,262 - DDosDetection - ERROR - Error in model training: Invalid classes inferred from unique values of `y`.  Expected: [0 1], got ['BENIGN' 'DDoS']
2025-02-23 22:41:57,262 - DDosDetection - ERROR - Error in model training: Invalid classes inferred from unique values of `y`.  Expected: [0 1], got ['BENIGN' 'DDoS']
2025-02-23 22:41:57,262 - DDosDetection - ERROR - Error in model training: Invalid classes inferred from unique values of `y`.  Expected: [0 1], got ['BENIGN' 'DDoS']
2025-02-23 22:41:57,262 - DDosDetection - ERROR - Error in main execution: Invalid classes inferred from unique values of `y`.  Expected: [0 1], got ['BENIGN' 'DDoS']
2025-02-23 22:41:57,262 - DDosDetection - ERROR - Error in main execution: Invalid classes inferred from unique values of `y`.  Expected: [0 1], got ['BENIGN' 'DDoS']
2025-02-23 22:41:57,262 - DDosDetection - ERROR - Error in main execution: Invalid classes inferred from unique values of `y`.  Expected: [0 1], got ['BENIGN' 'DDoS']
2025-02-23 22:41:57,262 - DDosDetection - ERROR - Error in main execution: Invalid classes inferred from unique values of `y`.  Expected: [0 1], got ['BENIGN' 'DDoS']
2025-02-23 22:41:57,262 - DDosDetection - ERROR - Error in main execution: Invalid classes inferred from unique values of `y`.  Expected: [0 1], got ['BENIGN' 'DDoS']
2025-02-23 22:41:57,262 - DDosDetection - ERROR - Error in main execution: Invalid classes inferred from unique values of `y`.  Expected: [0 1], got ['BENIGN' 'DDoS']
2025-02-23 22:43:50,766 - DDosDetection - INFO - Starting data ingestion...
2025-02-23 22:43:50,766 - DDosDetection - INFO - Starting data ingestion...
2025-02-23 22:43:50,766 - DDosDetection - INFO - Starting data ingestion...
2025-02-23 22:43:50,766 - DDosDetection - INFO - Starting data ingestion...
2025-02-23 22:43:50,766 - DDosDetection - INFO - Starting data ingestion...
2025-02-23 22:43:50,766 - DDosDetection - INFO - Starting data ingestion...
2025-02-23 22:43:50,769 - DDosDetection - INFO - Loading data from data/raw/network_traffic.csv
2025-02-23 22:43:50,769 - DDosDetection - INFO - Loading data from data/raw/network_traffic.csv
2025-02-23 22:43:50,769 - DDosDetection - INFO - Loading data from data/raw/network_traffic.csv
2025-02-23 22:43:50,769 - DDosDetection - INFO - Loading data from data/raw/network_traffic.csv
2025-02-23 22:43:50,769 - DDosDetection - INFO - Loading data from data/raw/network_traffic.csv
2025-02-23 22:43:50,769 - DDosDetection - INFO - Loading data from data/raw/network_traffic.csv
2025-02-23 22:43:52,055 - DDosDetection - INFO - Data validation successful
2025-02-23 22:43:52,055 - DDosDetection - INFO - Data validation successful
2025-02-23 22:43:52,055 - DDosDetection - INFO - Data validation successful
2025-02-23 22:43:52,055 - DDosDetection - INFO - Data validation successful
2025-02-23 22:43:52,055 - DDosDetection - INFO - Data validation successful
2025-02-23 22:43:52,055 - DDosDetection - INFO - Data validation successful
2025-02-23 22:43:52,055 - DDosDetection - INFO - validate_data took 0.12 seconds to execute
2025-02-23 22:43:52,055 - DDosDetection - INFO - validate_data took 0.12 seconds to execute
2025-02-23 22:43:52,055 - DDosDetection - INFO - validate_data took 0.12 seconds to execute
2025-02-23 22:43:52,055 - DDosDetection - INFO - validate_data took 0.12 seconds to execute
2025-02-23 22:43:52,055 - DDosDetection - INFO - validate_data took 0.12 seconds to execute
2025-02-23 22:43:52,055 - DDosDetection - INFO - validate_data took 0.12 seconds to execute
2025-02-23 22:43:52,055 - DDosDetection - INFO - load_data took 1.29 seconds to execute
2025-02-23 22:43:52,055 - DDosDetection - INFO - load_data took 1.29 seconds to execute
2025-02-23 22:43:52,055 - DDosDetection - INFO - load_data took 1.29 seconds to execute
2025-02-23 22:43:52,055 - DDosDetection - INFO - load_data took 1.29 seconds to execute
2025-02-23 22:43:52,055 - DDosDetection - INFO - load_data took 1.29 seconds to execute
2025-02-23 22:43:52,055 - DDosDetection - INFO - load_data took 1.29 seconds to execute
2025-02-23 22:43:56,944 - DDosDetection - INFO - Data split completed and saved successfully
2025-02-23 22:43:56,944 - DDosDetection - INFO - Data split completed and saved successfully
2025-02-23 22:43:56,944 - DDosDetection - INFO - Data split completed and saved successfully
2025-02-23 22:43:56,944 - DDosDetection - INFO - Data split completed and saved successfully
2025-02-23 22:43:56,944 - DDosDetection - INFO - Data split completed and saved successfully
2025-02-23 22:43:56,944 - DDosDetection - INFO - Data split completed and saved successfully
2025-02-23 22:43:56,944 - DDosDetection - INFO - split_data took 4.89 seconds to execute
2025-02-23 22:43:56,944 - DDosDetection - INFO - split_data took 4.89 seconds to execute
2025-02-23 22:43:56,944 - DDosDetection - INFO - split_data took 4.89 seconds to execute
2025-02-23 22:43:56,944 - DDosDetection - INFO - split_data took 4.89 seconds to execute
2025-02-23 22:43:56,944 - DDosDetection - INFO - split_data took 4.89 seconds to execute
2025-02-23 22:43:56,944 - DDosDetection - INFO - split_data took 4.89 seconds to execute
2025-02-23 22:43:56,944 - DDosDetection - INFO - Starting data preprocessing...
2025-02-23 22:43:56,944 - DDosDetection - INFO - Starting data preprocessing...
2025-02-23 22:43:56,944 - DDosDetection - INFO - Starting data preprocessing...
2025-02-23 22:43:56,944 - DDosDetection - INFO - Starting data preprocessing...
2025-02-23 22:43:56,944 - DDosDetection - INFO - Starting data preprocessing...
2025-02-23 22:43:56,944 - DDosDetection - INFO - Starting data preprocessing...
2025-02-23 22:43:57,160 - DDosDetection - INFO - Data preprocessing completed successfully
2025-02-23 22:43:57,160 - DDosDetection - INFO - Data preprocessing completed successfully
2025-02-23 22:43:57,160 - DDosDetection - INFO - Data preprocessing completed successfully
2025-02-23 22:43:57,160 - DDosDetection - INFO - Data preprocessing completed successfully
2025-02-23 22:43:57,160 - DDosDetection - INFO - Data preprocessing completed successfully
2025-02-23 22:43:57,160 - DDosDetection - INFO - Data preprocessing completed successfully
2025-02-23 22:43:57,160 - DDosDetection - INFO - Target classes mapping: {'BENIGN': 0, 'DDoS': 1}
2025-02-23 22:43:57,160 - DDosDetection - INFO - Target classes mapping: {'BENIGN': 0, 'DDoS': 1}
2025-02-23 22:43:57,160 - DDosDetection - INFO - Target classes mapping: {'BENIGN': 0, 'DDoS': 1}
2025-02-23 22:43:57,160 - DDosDetection - INFO - Target classes mapping: {'BENIGN': 0, 'DDoS': 1}
2025-02-23 22:43:57,160 - DDosDetection - INFO - Target classes mapping: {'BENIGN': 0, 'DDoS': 1}
2025-02-23 22:43:57,160 - DDosDetection - INFO - Target classes mapping: {'BENIGN': 0, 'DDoS': 1}
2025-02-23 22:43:57,647 - DDosDetection - INFO - Starting model training...
2025-02-23 22:43:57,647 - DDosDetection - INFO - Starting model training...
2025-02-23 22:43:57,647 - DDosDetection - INFO - Starting model training...
2025-02-23 22:43:57,647 - DDosDetection - INFO - Starting model training...
2025-02-23 22:43:57,647 - DDosDetection - INFO - Starting model training...
2025-02-23 22:43:57,647 - DDosDetection - INFO - Starting model training...
2025-02-23 22:43:57,745 - DDosDetection - INFO - XGBoost model built successfully
2025-02-23 22:43:57,745 - DDosDetection - INFO - XGBoost model built successfully
2025-02-23 22:43:57,745 - DDosDetection - INFO - XGBoost model built successfully
2025-02-23 22:43:57,745 - DDosDetection - INFO - XGBoost model built successfully
2025-02-23 22:43:57,745 - DDosDetection - INFO - XGBoost model built successfully
2025-02-23 22:43:57,745 - DDosDetection - INFO - XGBoost model built successfully
2025-02-23 22:43:57,753 - DDosDetection - ERROR - Error in model training: could not convert string to float: '172.217.12.130-192.168.10.16-443-58250-6'
2025-02-23 22:43:57,753 - DDosDetection - ERROR - Error in model training: could not convert string to float: '172.217.12.130-192.168.10.16-443-58250-6'
2025-02-23 22:43:57,753 - DDosDetection - ERROR - Error in model training: could not convert string to float: '172.217.12.130-192.168.10.16-443-58250-6'
2025-02-23 22:43:57,753 - DDosDetection - ERROR - Error in model training: could not convert string to float: '172.217.12.130-192.168.10.16-443-58250-6'
2025-02-23 22:43:57,753 - DDosDetection - ERROR - Error in model training: could not convert string to float: '172.217.12.130-192.168.10.16-443-58250-6'
2025-02-23 22:43:57,753 - DDosDetection - ERROR - Error in model training: could not convert string to float: '172.217.12.130-192.168.10.16-443-58250-6'
2025-02-23 22:43:57,753 - DDosDetection - ERROR - Error in main execution: could not convert string to float: '172.217.12.130-192.168.10.16-443-58250-6'
2025-02-23 22:43:57,753 - DDosDetection - ERROR - Error in main execution: could not convert string to float: '172.217.12.130-192.168.10.16-443-58250-6'
2025-02-23 22:43:57,753 - DDosDetection - ERROR - Error in main execution: could not convert string to float: '172.217.12.130-192.168.10.16-443-58250-6'
2025-02-23 22:43:57,753 - DDosDetection - ERROR - Error in main execution: could not convert string to float: '172.217.12.130-192.168.10.16-443-58250-6'
2025-02-23 22:43:57,753 - DDosDetection - ERROR - Error in main execution: could not convert string to float: '172.217.12.130-192.168.10.16-443-58250-6'
2025-02-23 22:43:57,753 - DDosDetection - ERROR - Error in main execution: could not convert string to float: '172.217.12.130-192.168.10.16-443-58250-6'
2025-02-23 22:46:01,318 - DDosDetection - INFO - Starting data ingestion...
2025-02-23 22:46:01,318 - DDosDetection - INFO - Starting data ingestion...
2025-02-23 22:46:01,318 - DDosDetection - INFO - Starting data ingestion...
2025-02-23 22:46:01,318 - DDosDetection - INFO - Starting data ingestion...
2025-02-23 22:46:01,318 - DDosDetection - INFO - Starting data ingestion...
2025-02-23 22:46:01,318 - DDosDetection - INFO - Starting data ingestion...
2025-02-23 22:46:01,325 - DDosDetection - INFO - Loading data from data/raw/network_traffic.csv
2025-02-23 22:46:01,325 - DDosDetection - INFO - Loading data from data/raw/network_traffic.csv
2025-02-23 22:46:01,325 - DDosDetection - INFO - Loading data from data/raw/network_traffic.csv
2025-02-23 22:46:01,325 - DDosDetection - INFO - Loading data from data/raw/network_traffic.csv
2025-02-23 22:46:01,325 - DDosDetection - INFO - Loading data from data/raw/network_traffic.csv
2025-02-23 22:46:01,325 - DDosDetection - INFO - Loading data from data/raw/network_traffic.csv
2025-02-23 22:46:02,667 - DDosDetection - INFO - Data validation successful
2025-02-23 22:46:02,667 - DDosDetection - INFO - Data validation successful
2025-02-23 22:46:02,667 - DDosDetection - INFO - Data validation successful
2025-02-23 22:46:02,667 - DDosDetection - INFO - Data validation successful
2025-02-23 22:46:02,667 - DDosDetection - INFO - Data validation successful
2025-02-23 22:46:02,667 - DDosDetection - INFO - Data validation successful
2025-02-23 22:46:02,667 - DDosDetection - INFO - validate_data took 0.12 seconds to execute
2025-02-23 22:46:02,667 - DDosDetection - INFO - validate_data took 0.12 seconds to execute
2025-02-23 22:46:02,667 - DDosDetection - INFO - validate_data took 0.12 seconds to execute
2025-02-23 22:46:02,667 - DDosDetection - INFO - validate_data took 0.12 seconds to execute
2025-02-23 22:46:02,667 - DDosDetection - INFO - validate_data took 0.12 seconds to execute
2025-02-23 22:46:02,667 - DDosDetection - INFO - validate_data took 0.12 seconds to execute
2025-02-23 22:46:02,668 - DDosDetection - INFO - load_data took 1.34 seconds to execute
2025-02-23 22:46:02,668 - DDosDetection - INFO - load_data took 1.34 seconds to execute
2025-02-23 22:46:02,668 - DDosDetection - INFO - load_data took 1.34 seconds to execute
2025-02-23 22:46:02,668 - DDosDetection - INFO - load_data took 1.34 seconds to execute
2025-02-23 22:46:02,668 - DDosDetection - INFO - load_data took 1.34 seconds to execute
2025-02-23 22:46:02,668 - DDosDetection - INFO - load_data took 1.34 seconds to execute
2025-02-23 22:46:07,491 - DDosDetection - INFO - Data split completed and saved successfully
2025-02-23 22:46:07,491 - DDosDetection - INFO - Data split completed and saved successfully
2025-02-23 22:46:07,491 - DDosDetection - INFO - Data split completed and saved successfully
2025-02-23 22:46:07,491 - DDosDetection - INFO - Data split completed and saved successfully
2025-02-23 22:46:07,491 - DDosDetection - INFO - Data split completed and saved successfully
2025-02-23 22:46:07,491 - DDosDetection - INFO - Data split completed and saved successfully
2025-02-23 22:46:07,492 - DDosDetection - INFO - split_data took 4.82 seconds to execute
2025-02-23 22:46:07,492 - DDosDetection - INFO - split_data took 4.82 seconds to execute
2025-02-23 22:46:07,492 - DDosDetection - INFO - split_data took 4.82 seconds to execute
2025-02-23 22:46:07,492 - DDosDetection - INFO - split_data took 4.82 seconds to execute
2025-02-23 22:46:07,492 - DDosDetection - INFO - split_data took 4.82 seconds to execute
2025-02-23 22:46:07,492 - DDosDetection - INFO - split_data took 4.82 seconds to execute
2025-02-23 22:46:07,492 - DDosDetection - INFO - Starting data preprocessing...
2025-02-23 22:46:07,492 - DDosDetection - INFO - Starting data preprocessing...
2025-02-23 22:46:07,492 - DDosDetection - INFO - Starting data preprocessing...
2025-02-23 22:46:07,492 - DDosDetection - INFO - Starting data preprocessing...
2025-02-23 22:46:07,492 - DDosDetection - INFO - Starting data preprocessing...
2025-02-23 22:46:07,492 - DDosDetection - INFO - Starting data preprocessing...
2025-02-23 22:46:08,333 - DDosDetection - INFO - Data preprocessing completed successfully
2025-02-23 22:46:08,333 - DDosDetection - INFO - Data preprocessing completed successfully
2025-02-23 22:46:08,333 - DDosDetection - INFO - Data preprocessing completed successfully
2025-02-23 22:46:08,333 - DDosDetection - INFO - Data preprocessing completed successfully
2025-02-23 22:46:08,333 - DDosDetection - INFO - Data preprocessing completed successfully
2025-02-23 22:46:08,333 - DDosDetection - INFO - Data preprocessing completed successfully
2025-02-23 22:46:08,333 - DDosDetection - INFO - Target classes mapping: {'BENIGN': 0, 'DDoS': 1}
2025-02-23 22:46:08,333 - DDosDetection - INFO - Target classes mapping: {'BENIGN': 0, 'DDoS': 1}
2025-02-23 22:46:08,333 - DDosDetection - INFO - Target classes mapping: {'BENIGN': 0, 'DDoS': 1}
2025-02-23 22:46:08,333 - DDosDetection - INFO - Target classes mapping: {'BENIGN': 0, 'DDoS': 1}
2025-02-23 22:46:08,333 - DDosDetection - INFO - Target classes mapping: {'BENIGN': 0, 'DDoS': 1}
2025-02-23 22:46:08,333 - DDosDetection - INFO - Target classes mapping: {'BENIGN': 0, 'DDoS': 1}
2025-02-23 22:46:08,485 - DDosDetection - INFO - Starting model training...
2025-02-23 22:46:08,485 - DDosDetection - INFO - Starting model training...
2025-02-23 22:46:08,485 - DDosDetection - INFO - Starting model training...
2025-02-23 22:46:08,485 - DDosDetection - INFO - Starting model training...
2025-02-23 22:46:08,485 - DDosDetection - INFO - Starting model training...
2025-02-23 22:46:08,485 - DDosDetection - INFO - Starting model training...
2025-02-23 22:46:08,594 - DDosDetection - INFO - XGBoost model built successfully
2025-02-23 22:46:08,594 - DDosDetection - INFO - XGBoost model built successfully
2025-02-23 22:46:08,594 - DDosDetection - INFO - XGBoost model built successfully
2025-02-23 22:46:08,594 - DDosDetection - INFO - XGBoost model built successfully
2025-02-23 22:46:08,594 - DDosDetection - INFO - XGBoost model built successfully
2025-02-23 22:46:08,594 - DDosDetection - INFO - XGBoost model built successfully
2025-02-23 22:48:27,600 - DDosDetection - INFO - Model training completed successfully
2025-02-23 22:48:27,600 - DDosDetection - INFO - Model training completed successfully
2025-02-23 22:48:27,600 - DDosDetection - INFO - Model training completed successfully
2025-02-23 22:48:27,600 - DDosDetection - INFO - Model training completed successfully
2025-02-23 22:48:27,600 - DDosDetection - INFO - Model training completed successfully
2025-02-23 22:48:27,600 - DDosDetection - INFO - Model training completed successfully
2025-02-23 22:48:27,603 - DDosDetection - INFO - Starting model evaluation...
2025-02-23 22:48:27,603 - DDosDetection - INFO - Starting model evaluation...
2025-02-23 22:48:27,603 - DDosDetection - INFO - Starting model evaluation...
2025-02-23 22:48:27,603 - DDosDetection - INFO - Starting model evaluation...
2025-02-23 22:48:27,603 - DDosDetection - INFO - Starting model evaluation...
2025-02-23 22:48:27,603 - DDosDetection - INFO - Starting model evaluation...
2025-02-23 22:48:28,615 - DDosDetection - INFO - Model evaluation completed successfully
2025-02-23 22:48:28,615 - DDosDetection - INFO - Model evaluation completed successfully
2025-02-23 22:48:28,615 - DDosDetection - INFO - Model evaluation completed successfully
2025-02-23 22:48:28,615 - DDosDetection - INFO - Model evaluation completed successfully
2025-02-23 22:48:28,615 - DDosDetection - INFO - Model evaluation completed successfully
2025-02-23 22:48:28,615 - DDosDetection - INFO - Model evaluation completed successfully
2025-02-23 22:48:28,615 - DDosDetection - INFO - Final ROC-AUC Score: 1.0000
2025-02-23 22:48:28,615 - DDosDetection - INFO - Final ROC-AUC Score: 1.0000
2025-02-23 22:48:28,615 - DDosDetection - INFO - Final ROC-AUC Score: 1.0000
2025-02-23 22:48:28,615 - DDosDetection - INFO - Final ROC-AUC Score: 1.0000
2025-02-23 22:48:28,615 - DDosDetection - INFO - Final ROC-AUC Score: 1.0000
2025-02-23 22:48:28,615 - DDosDetection - INFO - Final ROC-AUC Score: 1.0000
2025-02-23 22:58:40,742 - DDosDetection - INFO - Performing initial 90-10 data split...
2025-02-23 22:58:40,742 - DDosDetection - INFO - Performing initial 90-10 data split...
2025-02-23 22:58:40,742 - DDosDetection - INFO - Performing initial 90-10 data split...
2025-02-23 22:58:40,742 - DDosDetection - INFO - Performing initial 90-10 data split...
2025-02-23 22:58:40,742 - DDosDetection - INFO - Performing initial 90-10 data split...
2025-02-23 22:58:40,742 - DDosDetection - INFO - Performing initial 90-10 data split...
2025-02-23 22:58:40,742 - DDosDetection - INFO - Performing initial 90-10 data split...
2025-02-23 22:58:40,742 - DDosDetection - INFO - Performing initial 90-10 data split...
2025-02-23 22:58:47,039 - DDosDetection - INFO - Initial split completed successfully:
2025-02-23 22:58:47,039 - DDosDetection - INFO - Initial split completed successfully:
2025-02-23 22:58:47,039 - DDosDetection - INFO - Initial split completed successfully:
2025-02-23 22:58:47,039 - DDosDetection - INFO - Initial split completed successfully:
2025-02-23 22:58:47,039 - DDosDetection - INFO - Initial split completed successfully:
2025-02-23 22:58:47,039 - DDosDetection - INFO - Initial split completed successfully:
2025-02-23 22:58:47,039 - DDosDetection - INFO - Initial split completed successfully:
2025-02-23 22:58:47,039 - DDosDetection - INFO - Initial split completed successfully:
2025-02-23 22:58:47,040 - DDosDetection - INFO - Training set size: 203168 samples
2025-02-23 22:58:47,040 - DDosDetection - INFO - Training set size: 203168 samples
2025-02-23 22:58:47,040 - DDosDetection - INFO - Training set size: 203168 samples
2025-02-23 22:58:47,040 - DDosDetection - INFO - Training set size: 203168 samples
2025-02-23 22:58:47,040 - DDosDetection - INFO - Training set size: 203168 samples
2025-02-23 22:58:47,040 - DDosDetection - INFO - Training set size: 203168 samples
2025-02-23 22:58:47,040 - DDosDetection - INFO - Training set size: 203168 samples
2025-02-23 22:58:47,040 - DDosDetection - INFO - Training set size: 203168 samples
2025-02-23 22:58:47,041 - DDosDetection - INFO - Hold-out test set size: 22575 samples
2025-02-23 22:58:47,041 - DDosDetection - INFO - Hold-out test set size: 22575 samples
2025-02-23 22:58:47,041 - DDosDetection - INFO - Hold-out test set size: 22575 samples
2025-02-23 22:58:47,041 - DDosDetection - INFO - Hold-out test set size: 22575 samples
2025-02-23 22:58:47,041 - DDosDetection - INFO - Hold-out test set size: 22575 samples
2025-02-23 22:58:47,041 - DDosDetection - INFO - Hold-out test set size: 22575 samples
2025-02-23 22:58:47,041 - DDosDetection - INFO - Hold-out test set size: 22575 samples
2025-02-23 22:58:47,041 - DDosDetection - INFO - Hold-out test set size: 22575 samples
2025-02-23 22:59:08,660 - DDosDetection - INFO - Loading training data...
2025-02-23 22:59:08,660 - DDosDetection - INFO - Loading training data...
2025-02-23 22:59:08,660 - DDosDetection - INFO - Loading training data...
2025-02-23 22:59:08,660 - DDosDetection - INFO - Loading training data...
2025-02-23 22:59:08,660 - DDosDetection - INFO - Loading training data...
2025-02-23 22:59:08,660 - DDosDetection - INFO - Loading training data...
2025-02-23 22:59:08,660 - DDosDetection - INFO - Loading training data...
2025-02-23 22:59:08,660 - DDosDetection - INFO - Loading training data...
2025-02-23 22:59:09,853 - DDosDetection - INFO - Starting data preprocessing...
2025-02-23 22:59:09,853 - DDosDetection - INFO - Starting data preprocessing...
2025-02-23 22:59:09,853 - DDosDetection - INFO - Starting data preprocessing...
2025-02-23 22:59:09,853 - DDosDetection - INFO - Starting data preprocessing...
2025-02-23 22:59:09,853 - DDosDetection - INFO - Starting data preprocessing...
2025-02-23 22:59:09,853 - DDosDetection - INFO - Starting data preprocessing...
2025-02-23 22:59:09,853 - DDosDetection - INFO - Starting data preprocessing...
2025-02-23 22:59:09,853 - DDosDetection - INFO - Starting data preprocessing...
2025-02-23 22:59:10,725 - DDosDetection - INFO - Data preprocessing completed successfully
2025-02-23 22:59:10,725 - DDosDetection - INFO - Data preprocessing completed successfully
2025-02-23 22:59:10,725 - DDosDetection - INFO - Data preprocessing completed successfully
2025-02-23 22:59:10,725 - DDosDetection - INFO - Data preprocessing completed successfully
2025-02-23 22:59:10,725 - DDosDetection - INFO - Data preprocessing completed successfully
2025-02-23 22:59:10,725 - DDosDetection - INFO - Data preprocessing completed successfully
2025-02-23 22:59:10,725 - DDosDetection - INFO - Data preprocessing completed successfully
2025-02-23 22:59:10,725 - DDosDetection - INFO - Data preprocessing completed successfully
2025-02-23 22:59:10,726 - DDosDetection - INFO - Target classes mapping: {'BENIGN': 0, 'DDoS': 1}
2025-02-23 22:59:10,726 - DDosDetection - INFO - Target classes mapping: {'BENIGN': 0, 'DDoS': 1}
2025-02-23 22:59:10,726 - DDosDetection - INFO - Target classes mapping: {'BENIGN': 0, 'DDoS': 1}
2025-02-23 22:59:10,726 - DDosDetection - INFO - Target classes mapping: {'BENIGN': 0, 'DDoS': 1}
2025-02-23 22:59:10,726 - DDosDetection - INFO - Target classes mapping: {'BENIGN': 0, 'DDoS': 1}
2025-02-23 22:59:10,726 - DDosDetection - INFO - Target classes mapping: {'BENIGN': 0, 'DDoS': 1}
2025-02-23 22:59:10,726 - DDosDetection - INFO - Target classes mapping: {'BENIGN': 0, 'DDoS': 1}
2025-02-23 22:59:10,726 - DDosDetection - INFO - Target classes mapping: {'BENIGN': 0, 'DDoS': 1}
2025-02-23 22:59:10,737 - DDosDetection - INFO - Starting model training...
2025-02-23 22:59:10,737 - DDosDetection - INFO - Starting model training...
2025-02-23 22:59:10,737 - DDosDetection - INFO - Starting model training...
2025-02-23 22:59:10,737 - DDosDetection - INFO - Starting model training...
2025-02-23 22:59:10,737 - DDosDetection - INFO - Starting model training...
2025-02-23 22:59:10,737 - DDosDetection - INFO - Starting model training...
2025-02-23 22:59:10,737 - DDosDetection - INFO - Starting model training...
2025-02-23 22:59:10,737 - DDosDetection - INFO - Starting model training...
2025-02-23 22:59:10,860 - DDosDetection - INFO - XGBoost model built successfully
2025-02-23 22:59:10,860 - DDosDetection - INFO - XGBoost model built successfully
2025-02-23 22:59:10,860 - DDosDetection - INFO - XGBoost model built successfully
2025-02-23 22:59:10,860 - DDosDetection - INFO - XGBoost model built successfully
2025-02-23 22:59:10,860 - DDosDetection - INFO - XGBoost model built successfully
2025-02-23 22:59:10,860 - DDosDetection - INFO - XGBoost model built successfully
2025-02-23 22:59:10,860 - DDosDetection - INFO - XGBoost model built successfully
2025-02-23 22:59:10,860 - DDosDetection - INFO - XGBoost model built successfully
2025-02-23 23:01:56,706 - DDosDetection - ERROR - Error in model training: Path '/Users/apurva/Desktop/Apurva/Columbia/SEM3/DuneSec/models/model.xgb' already exists and is not empty
2025-02-23 23:01:56,706 - DDosDetection - ERROR - Error in model training: Path '/Users/apurva/Desktop/Apurva/Columbia/SEM3/DuneSec/models/model.xgb' already exists and is not empty
2025-02-23 23:01:56,706 - DDosDetection - ERROR - Error in model training: Path '/Users/apurva/Desktop/Apurva/Columbia/SEM3/DuneSec/models/model.xgb' already exists and is not empty
2025-02-23 23:01:56,706 - DDosDetection - ERROR - Error in model training: Path '/Users/apurva/Desktop/Apurva/Columbia/SEM3/DuneSec/models/model.xgb' already exists and is not empty
2025-02-23 23:01:56,706 - DDosDetection - ERROR - Error in model training: Path '/Users/apurva/Desktop/Apurva/Columbia/SEM3/DuneSec/models/model.xgb' already exists and is not empty
2025-02-23 23:01:56,706 - DDosDetection - ERROR - Error in model training: Path '/Users/apurva/Desktop/Apurva/Columbia/SEM3/DuneSec/models/model.xgb' already exists and is not empty
2025-02-23 23:01:56,706 - DDosDetection - ERROR - Error in model training: Path '/Users/apurva/Desktop/Apurva/Columbia/SEM3/DuneSec/models/model.xgb' already exists and is not empty
2025-02-23 23:01:56,706 - DDosDetection - ERROR - Error in model training: Path '/Users/apurva/Desktop/Apurva/Columbia/SEM3/DuneSec/models/model.xgb' already exists and is not empty
2025-02-23 23:01:56,709 - DDosDetection - ERROR - Error in main execution: Path '/Users/apurva/Desktop/Apurva/Columbia/SEM3/DuneSec/models/model.xgb' already exists and is not empty
2025-02-23 23:01:56,709 - DDosDetection - ERROR - Error in main execution: Path '/Users/apurva/Desktop/Apurva/Columbia/SEM3/DuneSec/models/model.xgb' already exists and is not empty
2025-02-23 23:01:56,709 - DDosDetection - ERROR - Error in main execution: Path '/Users/apurva/Desktop/Apurva/Columbia/SEM3/DuneSec/models/model.xgb' already exists and is not empty
2025-02-23 23:01:56,709 - DDosDetection - ERROR - Error in main execution: Path '/Users/apurva/Desktop/Apurva/Columbia/SEM3/DuneSec/models/model.xgb' already exists and is not empty
2025-02-23 23:01:56,709 - DDosDetection - ERROR - Error in main execution: Path '/Users/apurva/Desktop/Apurva/Columbia/SEM3/DuneSec/models/model.xgb' already exists and is not empty
2025-02-23 23:01:56,709 - DDosDetection - ERROR - Error in main execution: Path '/Users/apurva/Desktop/Apurva/Columbia/SEM3/DuneSec/models/model.xgb' already exists and is not empty
2025-02-23 23:01:56,709 - DDosDetection - ERROR - Error in main execution: Path '/Users/apurva/Desktop/Apurva/Columbia/SEM3/DuneSec/models/model.xgb' already exists and is not empty
2025-02-23 23:01:56,709 - DDosDetection - ERROR - Error in main execution: Path '/Users/apurva/Desktop/Apurva/Columbia/SEM3/DuneSec/models/model.xgb' already exists and is not empty
2025-02-23 23:04:56,965 - DDosDetection - INFO - Loading training data...
2025-02-23 23:04:56,965 - DDosDetection - INFO - Loading training data...
2025-02-23 23:04:56,965 - DDosDetection - INFO - Loading training data...
2025-02-23 23:04:56,965 - DDosDetection - INFO - Loading training data...
2025-02-23 23:04:56,965 - DDosDetection - INFO - Loading training data...
2025-02-23 23:04:56,965 - DDosDetection - INFO - Loading training data...
2025-02-23 23:04:56,965 - DDosDetection - INFO - Loading training data...
2025-02-23 23:04:56,965 - DDosDetection - INFO - Loading training data...
2025-02-23 23:04:59,310 - DDosDetection - INFO - Starting data preprocessing...
2025-02-23 23:04:59,310 - DDosDetection - INFO - Starting data preprocessing...
2025-02-23 23:04:59,310 - DDosDetection - INFO - Starting data preprocessing...
2025-02-23 23:04:59,310 - DDosDetection - INFO - Starting data preprocessing...
2025-02-23 23:04:59,310 - DDosDetection - INFO - Starting data preprocessing...
2025-02-23 23:04:59,310 - DDosDetection - INFO - Starting data preprocessing...
2025-02-23 23:04:59,310 - DDosDetection - INFO - Starting data preprocessing...
2025-02-23 23:04:59,310 - DDosDetection - INFO - Starting data preprocessing...
2025-02-23 23:05:01,150 - DDosDetection - INFO - Data preprocessing completed successfully
2025-02-23 23:05:01,150 - DDosDetection - INFO - Data preprocessing completed successfully
2025-02-23 23:05:01,150 - DDosDetection - INFO - Data preprocessing completed successfully
2025-02-23 23:05:01,150 - DDosDetection - INFO - Data preprocessing completed successfully
2025-02-23 23:05:01,150 - DDosDetection - INFO - Data preprocessing completed successfully
2025-02-23 23:05:01,150 - DDosDetection - INFO - Data preprocessing completed successfully
2025-02-23 23:05:01,150 - DDosDetection - INFO - Data preprocessing completed successfully
2025-02-23 23:05:01,150 - DDosDetection - INFO - Data preprocessing completed successfully
2025-02-23 23:05:01,152 - DDosDetection - INFO - Target classes mapping: {'BENIGN': 0, 'DDoS': 1}
2025-02-23 23:05:01,152 - DDosDetection - INFO - Target classes mapping: {'BENIGN': 0, 'DDoS': 1}
2025-02-23 23:05:01,152 - DDosDetection - INFO - Target classes mapping: {'BENIGN': 0, 'DDoS': 1}
2025-02-23 23:05:01,152 - DDosDetection - INFO - Target classes mapping: {'BENIGN': 0, 'DDoS': 1}
2025-02-23 23:05:01,152 - DDosDetection - INFO - Target classes mapping: {'BENIGN': 0, 'DDoS': 1}
2025-02-23 23:05:01,152 - DDosDetection - INFO - Target classes mapping: {'BENIGN': 0, 'DDoS': 1}
2025-02-23 23:05:01,152 - DDosDetection - INFO - Target classes mapping: {'BENIGN': 0, 'DDoS': 1}
2025-02-23 23:05:01,152 - DDosDetection - INFO - Target classes mapping: {'BENIGN': 0, 'DDoS': 1}
2025-02-23 23:05:01,179 - DDosDetection - INFO - Starting model training...
2025-02-23 23:05:01,179 - DDosDetection - INFO - Starting model training...
2025-02-23 23:05:01,179 - DDosDetection - INFO - Starting model training...
2025-02-23 23:05:01,179 - DDosDetection - INFO - Starting model training...
2025-02-23 23:05:01,179 - DDosDetection - INFO - Starting model training...
2025-02-23 23:05:01,179 - DDosDetection - INFO - Starting model training...
2025-02-23 23:05:01,179 - DDosDetection - INFO - Starting model training...
2025-02-23 23:05:01,179 - DDosDetection - INFO - Starting model training...
2025-02-23 23:05:01,481 - DDosDetection - INFO - XGBoost model built successfully
2025-02-23 23:05:01,481 - DDosDetection - INFO - XGBoost model built successfully
2025-02-23 23:05:01,481 - DDosDetection - INFO - XGBoost model built successfully
2025-02-23 23:05:01,481 - DDosDetection - INFO - XGBoost model built successfully
2025-02-23 23:05:01,481 - DDosDetection - INFO - XGBoost model built successfully
2025-02-23 23:05:01,481 - DDosDetection - INFO - XGBoost model built successfully
2025-02-23 23:05:01,481 - DDosDetection - INFO - XGBoost model built successfully
2025-02-23 23:05:01,481 - DDosDetection - INFO - XGBoost model built successfully
2025-02-23 23:07:30,989 - DDosDetection - INFO - Model training completed successfully
2025-02-23 23:07:30,989 - DDosDetection - INFO - Model training completed successfully
2025-02-23 23:07:30,989 - DDosDetection - INFO - Model training completed successfully
2025-02-23 23:07:30,989 - DDosDetection - INFO - Model training completed successfully
2025-02-23 23:07:30,989 - DDosDetection - INFO - Model training completed successfully
2025-02-23 23:07:30,989 - DDosDetection - INFO - Model training completed successfully
2025-02-23 23:07:30,989 - DDosDetection - INFO - Model training completed successfully
2025-02-23 23:07:30,989 - DDosDetection - INFO - Model training completed successfully
2025-02-23 23:07:30,991 - DDosDetection - INFO - Starting model evaluation...
2025-02-23 23:07:30,991 - DDosDetection - INFO - Starting model evaluation...
2025-02-23 23:07:30,991 - DDosDetection - INFO - Starting model evaluation...
2025-02-23 23:07:30,991 - DDosDetection - INFO - Starting model evaluation...
2025-02-23 23:07:30,991 - DDosDetection - INFO - Starting model evaluation...
2025-02-23 23:07:30,991 - DDosDetection - INFO - Starting model evaluation...
2025-02-23 23:07:30,991 - DDosDetection - INFO - Starting model evaluation...
2025-02-23 23:07:30,991 - DDosDetection - INFO - Starting model evaluation...
2025-02-23 23:07:30,998 - DDosDetection - ERROR - Error in main execution: name 'mlflow' is not defined
2025-02-23 23:07:30,998 - DDosDetection - ERROR - Error in main execution: name 'mlflow' is not defined
2025-02-23 23:07:30,998 - DDosDetection - ERROR - Error in main execution: name 'mlflow' is not defined
2025-02-23 23:07:30,998 - DDosDetection - ERROR - Error in main execution: name 'mlflow' is not defined
2025-02-23 23:07:30,998 - DDosDetection - ERROR - Error in main execution: name 'mlflow' is not defined
2025-02-23 23:07:30,998 - DDosDetection - ERROR - Error in main execution: name 'mlflow' is not defined
2025-02-23 23:07:30,998 - DDosDetection - ERROR - Error in main execution: name 'mlflow' is not defined
2025-02-23 23:07:30,998 - DDosDetection - ERROR - Error in main execution: name 'mlflow' is not defined
2025-02-23 23:11:58,414 - DDosDetection - INFO - Loading training data...
2025-02-23 23:11:58,414 - DDosDetection - INFO - Loading training data...
2025-02-23 23:11:58,414 - DDosDetection - INFO - Loading training data...
2025-02-23 23:11:58,414 - DDosDetection - INFO - Loading training data...
2025-02-23 23:11:58,414 - DDosDetection - INFO - Loading training data...
2025-02-23 23:11:58,414 - DDosDetection - INFO - Loading training data...
2025-02-23 23:11:58,414 - DDosDetection - INFO - Loading training data...
2025-02-23 23:11:58,414 - DDosDetection - INFO - Loading training data...
2025-02-23 23:11:59,604 - DDosDetection - INFO - Starting data preprocessing...
2025-02-23 23:11:59,604 - DDosDetection - INFO - Starting data preprocessing...
2025-02-23 23:11:59,604 - DDosDetection - INFO - Starting data preprocessing...
2025-02-23 23:11:59,604 - DDosDetection - INFO - Starting data preprocessing...
2025-02-23 23:11:59,604 - DDosDetection - INFO - Starting data preprocessing...
2025-02-23 23:11:59,604 - DDosDetection - INFO - Starting data preprocessing...
2025-02-23 23:11:59,604 - DDosDetection - INFO - Starting data preprocessing...
2025-02-23 23:11:59,604 - DDosDetection - INFO - Starting data preprocessing...
2025-02-23 23:12:00,507 - DDosDetection - INFO - Data preprocessing completed successfully
2025-02-23 23:12:00,507 - DDosDetection - INFO - Data preprocessing completed successfully
2025-02-23 23:12:00,507 - DDosDetection - INFO - Data preprocessing completed successfully
2025-02-23 23:12:00,507 - DDosDetection - INFO - Data preprocessing completed successfully
2025-02-23 23:12:00,507 - DDosDetection - INFO - Data preprocessing completed successfully
2025-02-23 23:12:00,507 - DDosDetection - INFO - Data preprocessing completed successfully
2025-02-23 23:12:00,507 - DDosDetection - INFO - Data preprocessing completed successfully
2025-02-23 23:12:00,507 - DDosDetection - INFO - Data preprocessing completed successfully
2025-02-23 23:12:00,507 - DDosDetection - INFO - Target classes mapping: {'BENIGN': 0, 'DDoS': 1}
2025-02-23 23:12:00,507 - DDosDetection - INFO - Target classes mapping: {'BENIGN': 0, 'DDoS': 1}
2025-02-23 23:12:00,507 - DDosDetection - INFO - Target classes mapping: {'BENIGN': 0, 'DDoS': 1}
2025-02-23 23:12:00,507 - DDosDetection - INFO - Target classes mapping: {'BENIGN': 0, 'DDoS': 1}
2025-02-23 23:12:00,507 - DDosDetection - INFO - Target classes mapping: {'BENIGN': 0, 'DDoS': 1}
2025-02-23 23:12:00,507 - DDosDetection - INFO - Target classes mapping: {'BENIGN': 0, 'DDoS': 1}
2025-02-23 23:12:00,507 - DDosDetection - INFO - Target classes mapping: {'BENIGN': 0, 'DDoS': 1}
2025-02-23 23:12:00,507 - DDosDetection - INFO - Target classes mapping: {'BENIGN': 0, 'DDoS': 1}
2025-02-23 23:12:00,515 - DDosDetection - INFO - Starting model training...
2025-02-23 23:12:00,515 - DDosDetection - INFO - Starting model training...
2025-02-23 23:12:00,515 - DDosDetection - INFO - Starting model training...
2025-02-23 23:12:00,515 - DDosDetection - INFO - Starting model training...
2025-02-23 23:12:00,515 - DDosDetection - INFO - Starting model training...
2025-02-23 23:12:00,515 - DDosDetection - INFO - Starting model training...
2025-02-23 23:12:00,515 - DDosDetection - INFO - Starting model training...
2025-02-23 23:12:00,515 - DDosDetection - INFO - Starting model training...
2025-02-23 23:12:00,528 - DDosDetection - INFO - XGBoost model built successfully
2025-02-23 23:12:00,528 - DDosDetection - INFO - XGBoost model built successfully
2025-02-23 23:12:00,528 - DDosDetection - INFO - XGBoost model built successfully
2025-02-23 23:12:00,528 - DDosDetection - INFO - XGBoost model built successfully
2025-02-23 23:12:00,528 - DDosDetection - INFO - XGBoost model built successfully
2025-02-23 23:12:00,528 - DDosDetection - INFO - XGBoost model built successfully
2025-02-23 23:12:00,528 - DDosDetection - INFO - XGBoost model built successfully
2025-02-23 23:12:00,528 - DDosDetection - INFO - XGBoost model built successfully
2025-02-23 23:14:25,657 - DDosDetection - INFO - Cross-validation ROC-AUC: 1.0000 (+/- 0.0000)
2025-02-23 23:14:25,657 - DDosDetection - INFO - Cross-validation ROC-AUC: 1.0000 (+/- 0.0000)
2025-02-23 23:14:25,657 - DDosDetection - INFO - Cross-validation ROC-AUC: 1.0000 (+/- 0.0000)
2025-02-23 23:14:25,657 - DDosDetection - INFO - Cross-validation ROC-AUC: 1.0000 (+/- 0.0000)
2025-02-23 23:14:25,657 - DDosDetection - INFO - Cross-validation ROC-AUC: 1.0000 (+/- 0.0000)
2025-02-23 23:14:25,657 - DDosDetection - INFO - Cross-validation ROC-AUC: 1.0000 (+/- 0.0000)
2025-02-23 23:14:25,657 - DDosDetection - INFO - Cross-validation ROC-AUC: 1.0000 (+/- 0.0000)
2025-02-23 23:14:25,657 - DDosDetection - INFO - Cross-validation ROC-AUC: 1.0000 (+/- 0.0000)
2025-02-23 23:14:25,659 - DDosDetection - INFO - Model training completed successfully
2025-02-23 23:14:25,659 - DDosDetection - INFO - Model training completed successfully
2025-02-23 23:14:25,659 - DDosDetection - INFO - Model training completed successfully
2025-02-23 23:14:25,659 - DDosDetection - INFO - Model training completed successfully
2025-02-23 23:14:25,659 - DDosDetection - INFO - Model training completed successfully
2025-02-23 23:14:25,659 - DDosDetection - INFO - Model training completed successfully
2025-02-23 23:14:25,659 - DDosDetection - INFO - Model training completed successfully
2025-02-23 23:14:25,659 - DDosDetection - INFO - Model training completed successfully
2025-02-23 23:14:25,663 - DDosDetection - INFO - Starting model evaluation...
2025-02-23 23:14:25,663 - DDosDetection - INFO - Starting model evaluation...
2025-02-23 23:14:25,663 - DDosDetection - INFO - Starting model evaluation...
2025-02-23 23:14:25,663 - DDosDetection - INFO - Starting model evaluation...
2025-02-23 23:14:25,663 - DDosDetection - INFO - Starting model evaluation...
2025-02-23 23:14:25,663 - DDosDetection - INFO - Starting model evaluation...
2025-02-23 23:14:25,663 - DDosDetection - INFO - Starting model evaluation...
2025-02-23 23:14:25,663 - DDosDetection - INFO - Starting model evaluation...
2025-02-23 23:14:26,674 - DDosDetection - INFO - Model evaluation completed successfully
2025-02-23 23:14:26,674 - DDosDetection - INFO - Model evaluation completed successfully
2025-02-23 23:14:26,674 - DDosDetection - INFO - Model evaluation completed successfully
2025-02-23 23:14:26,674 - DDosDetection - INFO - Model evaluation completed successfully
2025-02-23 23:14:26,674 - DDosDetection - INFO - Model evaluation completed successfully
2025-02-23 23:14:26,674 - DDosDetection - INFO - Model evaluation completed successfully
2025-02-23 23:14:26,674 - DDosDetection - INFO - Model evaluation completed successfully
2025-02-23 23:14:26,674 - DDosDetection - INFO - Model evaluation completed successfully
2025-02-23 23:14:26,675 - DDosDetection - INFO - Final ROC-AUC Score: 1.0000
2025-02-23 23:14:26,675 - DDosDetection - INFO - Final ROC-AUC Score: 1.0000
2025-02-23 23:14:26,675 - DDosDetection - INFO - Final ROC-AUC Score: 1.0000
2025-02-23 23:14:26,675 - DDosDetection - INFO - Final ROC-AUC Score: 1.0000
2025-02-23 23:14:26,675 - DDosDetection - INFO - Final ROC-AUC Score: 1.0000
2025-02-23 23:14:26,675 - DDosDetection - INFO - Final ROC-AUC Score: 1.0000
2025-02-23 23:14:26,675 - DDosDetection - INFO - Final ROC-AUC Score: 1.0000
2025-02-23 23:14:26,675 - DDosDetection - INFO - Final ROC-AUC Score: 1.0000
2025-02-23 23:14:55,996 - DDosDetection - INFO - Evaluating model on hold-out test set...
2025-02-23 23:14:55,996 - DDosDetection - INFO - Evaluating model on hold-out test set...
2025-02-23 23:14:55,996 - DDosDetection - INFO - Evaluating model on hold-out test set...
2025-02-23 23:14:55,996 - DDosDetection - INFO - Evaluating model on hold-out test set...
2025-02-23 23:14:55,996 - DDosDetection - INFO - Evaluating model on hold-out test set...
2025-02-23 23:14:55,996 - DDosDetection - INFO - Evaluating model on hold-out test set...
2025-02-23 23:14:55,996 - DDosDetection - INFO - Evaluating model on hold-out test set...
2025-02-23 23:14:55,996 - DDosDetection - INFO - Evaluating model on hold-out test set...
2025-02-23 23:14:56,284 - DDosDetection - INFO - 
Hold-out Test Set Performance:
2025-02-23 23:14:56,284 - DDosDetection - INFO - 
Hold-out Test Set Performance:
2025-02-23 23:14:56,284 - DDosDetection - INFO - 
Hold-out Test Set Performance:
2025-02-23 23:14:56,284 - DDosDetection - INFO - 
Hold-out Test Set Performance:
2025-02-23 23:14:56,284 - DDosDetection - INFO - 
Hold-out Test Set Performance:
2025-02-23 23:14:56,284 - DDosDetection - INFO - 
Hold-out Test Set Performance:
2025-02-23 23:14:56,284 - DDosDetection - INFO - 
Hold-out Test Set Performance:
2025-02-23 23:14:56,284 - DDosDetection - INFO - 
Hold-out Test Set Performance:
2025-02-23 23:14:56,285 - DDosDetection - INFO - 
Classification Report:
              precision    recall  f1-score   support

           0       1.00      1.00      1.00      9772
           1       1.00      1.00      1.00     12803

    accuracy                           1.00     22575
   macro avg       1.00      1.00      1.00     22575
weighted avg       1.00      1.00      1.00     22575

2025-02-23 23:14:56,285 - DDosDetection - INFO - 
Classification Report:
              precision    recall  f1-score   support

           0       1.00      1.00      1.00      9772
           1       1.00      1.00      1.00     12803

    accuracy                           1.00     22575
   macro avg       1.00      1.00      1.00     22575
weighted avg       1.00      1.00      1.00     22575

2025-02-23 23:14:56,285 - DDosDetection - INFO - 
Classification Report:
              precision    recall  f1-score   support

           0       1.00      1.00      1.00      9772
           1       1.00      1.00      1.00     12803

    accuracy                           1.00     22575
   macro avg       1.00      1.00      1.00     22575
weighted avg       1.00      1.00      1.00     22575

2025-02-23 23:14:56,285 - DDosDetection - INFO - 
Classification Report:
              precision    recall  f1-score   support

           0       1.00      1.00      1.00      9772
           1       1.00      1.00      1.00     12803

    accuracy                           1.00     22575
   macro avg       1.00      1.00      1.00     22575
weighted avg       1.00      1.00      1.00     22575

2025-02-23 23:14:56,285 - DDosDetection - INFO - 
Classification Report:
              precision    recall  f1-score   support

           0       1.00      1.00      1.00      9772
           1       1.00      1.00      1.00     12803

    accuracy                           1.00     22575
   macro avg       1.00      1.00      1.00     22575
weighted avg       1.00      1.00      1.00     22575

2025-02-23 23:14:56,285 - DDosDetection - INFO - 
Classification Report:
              precision    recall  f1-score   support

           0       1.00      1.00      1.00      9772
           1       1.00      1.00      1.00     12803

    accuracy                           1.00     22575
   macro avg       1.00      1.00      1.00     22575
weighted avg       1.00      1.00      1.00     22575

2025-02-23 23:14:56,285 - DDosDetection - INFO - 
Classification Report:
              precision    recall  f1-score   support

           0       1.00      1.00      1.00      9772
           1       1.00      1.00      1.00     12803

    accuracy                           1.00     22575
   macro avg       1.00      1.00      1.00     22575
weighted avg       1.00      1.00      1.00     22575

2025-02-23 23:14:56,285 - DDosDetection - INFO - 
Classification Report:
              precision    recall  f1-score   support

           0       1.00      1.00      1.00      9772
           1       1.00      1.00      1.00     12803

    accuracy                           1.00     22575
   macro avg       1.00      1.00      1.00     22575
weighted avg       1.00      1.00      1.00     22575

2025-02-23 23:14:56,285 - DDosDetection - INFO - 
ROC-AUC Score: 1.0000
2025-02-23 23:14:56,285 - DDosDetection - INFO - 
ROC-AUC Score: 1.0000
2025-02-23 23:14:56,285 - DDosDetection - INFO - 
ROC-AUC Score: 1.0000
2025-02-23 23:14:56,285 - DDosDetection - INFO - 
ROC-AUC Score: 1.0000
2025-02-23 23:14:56,285 - DDosDetection - INFO - 
ROC-AUC Score: 1.0000
2025-02-23 23:14:56,285 - DDosDetection - INFO - 
ROC-AUC Score: 1.0000
2025-02-23 23:14:56,285 - DDosDetection - INFO - 
ROC-AUC Score: 1.0000
2025-02-23 23:14:56,285 - DDosDetection - INFO - 
ROC-AUC Score: 1.0000
